<?xml version="1.0" encoding="UTF-8"?>
<!-- Generated by org.testng.reporters.JUnitReportReporter -->
<testsuite skipped="0" hostname="Reactor" name="com.example.tests.logsignout" tests="1" failures="0" timestamp="08 июл 2017 17:37:34 GMT" time="3.160" errors="0">
  <testcase name="test1LoginSignOut" time="3.160" classname="com.example.tests.logsignout"/>
</testsuite> <!-- com.example.tests.logsignout -->
