<?xml version="1.0" encoding="UTF-8"?>
<!-- Generated by org.testng.reporters.JUnitReportReporter -->
<testsuite skipped="0" hostname="Reactor" name="com.example.tests.EmptyLogin" tests="1" failures="0" timestamp="04 июл 2017 20:04:58 GMT" time="1.752" errors="0">
  <testcase name="test2EmptyLogin" time="1.752" classname="com.example.tests.EmptyLogin"/>
</testsuite> <!-- com.example.tests.EmptyLogin -->
