<?xml version="1.0" encoding="UTF-8"?>
<!-- Generated by org.testng.reporters.JUnitReportReporter -->
<testsuite skipped="0" hostname="Reactor" name="com.example.tests.updateAbug" tests="1" failures="0" timestamp="22 июн 2017 17:31:21 GMT" time="11.508" errors="0">
  <testcase name="test5UpdateABug" time="11.508" classname="com.example.tests.updateAbug"/>
</testsuite> <!-- com.example.tests.updateAbug -->
