<?xml version="1.0" encoding="UTF-8"?>
<!-- Generated by org.testng.reporters.JUnitReportReporter -->
<testsuite skipped="0" hostname="Reactor" name="com.example.tests.CreateABug" tests="1" failures="0" timestamp="08 июл 2017 17:37:34 GMT" time="8.998" errors="0">
  <testcase name="test4CreateABug" time="8.998" classname="com.example.tests.CreateABug"/>
</testsuite> <!-- com.example.tests.CreateABug -->
