<?xml version="1.0" encoding="UTF-8"?>
<!-- Generated by org.testng.reporters.JUnitReportReporter -->
<testsuite skipped="0" hostname="Reactor" name="com.example.tests.logsignout" tests="1" failures="0" timestamp="04 июл 2017 20:04:58 GMT" time="2.108" errors="0">
  <testcase name="test1LoginSignOut" time="2.108" classname="com.example.tests.logsignout"/>
</testsuite> <!-- com.example.tests.logsignout -->
