<?xml version="1.0" encoding="UTF-8"?>
<!-- Generated by org.testng.reporters.JUnitReportReporter -->
<testsuite skipped="0" hostname="Reactor" name="com.example.tests.EmptyLogin" tests="1" failures="0" timestamp="08 июл 2017 17:37:34 GMT" time="2.340" errors="0">
  <testcase name="test2EmptyLogin" time="2.340" classname="com.example.tests.EmptyLogin"/>
</testsuite> <!-- com.example.tests.EmptyLogin -->
