<?xml version="1.0" encoding="UTF-8"?>
<!-- Generated by org.testng.reporters.JUnitReportReporter -->
<testsuite skipped="0" hostname="Reactor" name="com.example.tests.logsignout" tests="1" failures="0" timestamp="22 июн 2017 17:31:21 GMT" time="2.373" errors="0">
  <testcase name="test1LoginSignOut" time="2.373" classname="com.example.tests.logsignout"/>
</testsuite> <!-- com.example.tests.logsignout -->
