<?xml version="1.0" encoding="UTF-8"?>
<!-- Generated by org.testng.reporters.JUnitReportReporter -->
<testsuite skipped="0" hostname="Reactor" name="com.example.tests.CreateABug" tests="1" failures="0" timestamp="22 июн 2017 17:31:21 GMT" time="9.147" errors="0">
  <testcase name="test4CreateABug" time="9.147" classname="com.example.tests.CreateABug"/>
</testsuite> <!-- com.example.tests.CreateABug -->
