<?xml version="1.0" encoding="UTF-8"?>
<!-- Generated by org.testng.reporters.JUnitReportReporter -->
<testsuite skipped="0" hostname="Reactor" name="com.example.tests.updateAbug" tests="1" failures="0" timestamp="08 июл 2017 17:37:34 GMT" time="14.298" errors="0">
  <testcase name="test5UpdateABug" time="14.298" classname="com.example.tests.updateAbug"/>
</testsuite> <!-- com.example.tests.updateAbug -->
